#
# There is insufficient memory for the Java Runtime Environment to continue.
# Native memory allocation (malloc) failed to allocate 32744 bytes for Chunk::new
# Possible reasons:
#   The system is out of physical RAM or swap space
#   The process is running with CompressedOops enabled, and the Java Heap may be blocking the growth of the native heap
# Possible solutions:
#   Reduce memory load on the system
#   Increase physical memory or swap space
#   Check if swap backing store is full
#   Decrease Java heap size (-Xmx/-Xms)
#   Decrease number of Java threads
#   Decrease Java thread stack sizes (-Xss)
#   Set larger code cache with -XX:ReservedCodeCacheSize=
#   JVM is running with Unscaled Compressed Oops mode in which the Java heap is
#     placed in the first 4GB address space. The Java Heap base address is the
#     maximum limit for the native heap growth. Please use -XX:HeapBaseMinAddress
#     to set the Java Heap base and to place the Java Heap above 4GB virtual address.
# This output file may be truncated or incomplete.
#
#  Out of Memory Error (arena.cpp:184), pid=76716, tid=72936
#
# JRE version: Java(TM) SE Runtime Environment (20.0.2+9) (build 20.0.2+9-78)
# Java VM: Java HotSpot(TM) 64-Bit Server VM (20.0.2+9-78, mixed mode, sharing, tiered, compressed oops, compressed class ptrs, g1 gc, windows-amd64)
# No core dump will be written. Minidumps are not enabled by default on client versions of Windows
#

---------------  S U M M A R Y ------------

Command Line: -javaagent:C:\Program Files\JetBrains\IntelliJ IDEA Community Edition 2023.3.4\lib\idea_rt.jar=65183:C:\Program Files\JetBrains\IntelliJ IDEA Community Edition 2023.3.4\bin -Dfile.encoding=UTF-8 -Dsun.stdout.encoding=UTF-8 -Dsun.stderr.encoding=UTF-8 actitimeTask.LoginPage

Host: AMD Ryzen 3 3250U with Radeon Graphics         , 4 cores, 3G,  Windows 11 , 64 bit Build 22621 (10.0.22621.3235)
Time: Sat Mar 23 19:49:08 2024 India Standard Time elapsed time: 80.172105 seconds (0d 0h 1m 20s)

---------------  T H R E A D  ---------------

Current thread (0x000001957b6fc7f0):  JavaThread "C2 CompilerThread0" daemon [_thread_in_native, id=72936, stack(0x0000001e2d100000,0x0000001e2d200000)]


Current CompileTask:
C2:  80172 2030       4       java.lang.invoke.MethodType::makeImpl (109 bytes)

Stack: [0x0000001e2d100000,0x0000001e2d200000]
Native frames: (J=compiled Java code, j=interpreted, Vv=VM code, C=native code)
V  [jvm.dll+0x6bc25a]
V  [jvm.dll+0x84971a]
V  [jvm.dll+0x84b315]
V  [jvm.dll+0x84ba13]
V  [jvm.dll+0x280e4f]
V  [jvm.dll+0xc2ab1]
V  [jvm.dll+0xc2dd5]
V  [jvm.dll+0xc2bd4]
V  [jvm.dll+0x8321cc]
V  [jvm.dll+0xcfab8]
V  [jvm.dll+0x6e19ff]
V  [jvm.dll+0x73be02]
V  [jvm.dll+0x5d3391]
V  [jvm.dll+0x5d29cb]
V  [jvm.dll+0x5d2239]
V  [jvm.dll+0x5d1960]
V  [jvm.dll+0x5d1926]
V  [jvm.dll+0x5d1974]
V  [jvm.dll+0x5d1974]
V  [jvm.dll+0x5d1974]
V  [jvm.dll+0x5d1974]
V  [jvm.dll+0x5d1974]
V  [jvm.dll+0x5d1974]
V  [jvm.dll+0x5d1974]
V  [jvm.dll+0x5d1974]
V  [jvm.dll+0x5d1974]
V  [jvm.dll+0x5d1974]
V  [jvm.dll+0x5d1974]
V  [jvm.dll+0x5d1974]
V  [jvm.dll+0x5d1974]
V  [jvm.dll+0x5e4258]
V  [jvm.dll+0x254684]
V  [jvm.dll+0x24cf0a]
V  [jvm.dll+0x24a819]
V  [jvm.dll+0x1ce761]
V  [jvm.dll+0x25a0eb]
V  [jvm.dll+0x2587c0]
V  [jvm.dll+0x3f2dd5]
V  [jvm.dll+0x7f5c76]
V  [jvm.dll+0x6baecb]
C  [ucrtbase.dll+0x29363]
C  [KERNEL32.DLL+0x1257d]
C  [ntdll.dll+0x5aa58]


---------------  P R O C E S S  ---------------

Threads class SMR info:
_java_thread_list=0x00000195503ae4e0, length=22, elements={
0x000001956ff84180, 0x000001957b6eefb0, 0x000001957b6efe50, 0x000001957b6f3b80,
0x000001957b6f56d0, 0x000001957b6f6210, 0x000001957b6f9b70, 0x000001957b6fc7f0,
0x000001957b6fe180, 0x000001957b6bc540, 0x000001957fa5c600, 0x000001957fb60370,
0x000001957f924150, 0x00000195505b5580, 0x0000019550b60890, 0x00000195505c6810,
0x000001955076e490, 0x000001955082b160, 0x000001955082b6b0, 0x000001955082c6a0,
0x000001955082bc00, 0x000001955082cbf0
}

Java Threads: ( => current thread )
  0x000001956ff84180 JavaThread "main" [_thread_in_vm, id=75976, stack(0x0000001e2c400000,0x0000001e2c500000)]
  0x000001957b6eefb0 JavaThread "Reference Handler" daemon [_thread_blocked, id=68864, stack(0x0000001e2cb00000,0x0000001e2cc00000)]
  0x000001957b6efe50 JavaThread "Finalizer" daemon [_thread_blocked, id=70888, stack(0x0000001e2cc00000,0x0000001e2cd00000)]
  0x000001957b6f3b80 JavaThread "Signal Dispatcher" daemon [_thread_blocked, id=67716, stack(0x0000001e2cd00000,0x0000001e2ce00000)]
  0x000001957b6f56d0 JavaThread "Attach Listener" daemon [_thread_blocked, id=69772, stack(0x0000001e2ce00000,0x0000001e2cf00000)]
  0x000001957b6f6210 JavaThread "Service Thread" daemon [_thread_blocked, id=66376, stack(0x0000001e2cf00000,0x0000001e2d000000)]
  0x000001957b6f9b70 JavaThread "Monitor Deflation Thread" daemon [_thread_blocked, id=71612, stack(0x0000001e2d000000,0x0000001e2d100000)]
=>0x000001957b6fc7f0 JavaThread "C2 CompilerThread0" daemon [_thread_in_native, id=72936, stack(0x0000001e2d100000,0x0000001e2d200000)]
  0x000001957b6fe180 JavaThread "C1 CompilerThread0" daemon [_thread_in_native, id=38556, stack(0x0000001e2d200000,0x0000001e2d300000)]
  0x000001957b6bc540 JavaThread "Common-Cleaner" daemon [_thread_blocked, id=71244, stack(0x0000001e2d300000,0x0000001e2d400000)]
  0x000001957fa5c600 JavaThread "Monitor Ctrl-Break" daemon [_thread_in_native, id=66780, stack(0x0000001e2d400000,0x0000001e2d500000)]
  0x000001957fb60370 JavaThread "Notification Thread" daemon [_thread_blocked, id=75984, stack(0x0000001e2d500000,0x0000001e2d600000)]
  0x000001957f924150 JavaThread "ForkJoinPool.commonPool-worker-1" daemon [_thread_blocked, id=74952, stack(0x0000001e2d700000,0x0000001e2d800000)]
  0x00000195505b5580 JavaThread "HttpClient-1-SelectorManager" daemon [_thread_in_native, id=74064, stack(0x0000001e2db00000,0x0000001e2dc00000)]
  0x0000019550b60890 JavaThread "External Process Output Forwarder - C:\Users\DELL\.cache\selenium\chromedriver\win64\123.0.6312.58\chromedriver.exe" daemon [_thread_in_native, id=75780, stack(0x0000001e2dc00000,0x0000001e2dd00000)]
  0x00000195505c6810 JavaThread "Driver Service Executor" daemon [_thread_blocked, id=75836, stack(0x0000001e2dd00000,0x0000001e2de00000)]
  0x000001955076e490 JavaThread "Driver Service Executor" daemon [_thread_blocked, id=74864, stack(0x0000001e2de00000,0x0000001e2df00000)]
  0x000001955082b160 JavaThread "pool-1-thread-1" [_thread_blocked, id=71184, stack(0x0000001e2e200000,0x0000001e2e300000)]
  0x000001955082b6b0 JavaThread "pool-1-thread-2" [_thread_blocked, id=73736, stack(0x0000001e2e300000,0x0000001e2e400000)]
  0x000001955082c6a0 JavaThread "pool-1-thread-3" [_thread_blocked, id=72152, stack(0x0000001e2e400000,0x0000001e2e500000)]
  0x000001955082bc00 JavaThread "HttpClient-2-SelectorManager" daemon [_thread_in_native, id=76188, stack(0x0000001e2e100000,0x0000001e2e200000)]
  0x000001955082cbf0 JavaThread "pool-1-thread-4" [_thread_blocked, id=66232, stack(0x0000001e2c100000,0x0000001e2c200000)]

Other Threads:
  0x000001957003e450 VMThread "VM Thread" [stack: 0x0000001e2ca00000,0x0000001e2cb00000] [id=76648]
  0x000001957fc49260 WatcherThread "VM Periodic Task Thread" [stack: 0x0000001e2d600000,0x0000001e2d700000] [id=69076]
  0x000001956ffc3f30 WorkerThread "GC Thread#0" [stack: 0x0000001e2c500000,0x0000001e2c600000] [id=68648]
  0x000001955052b6c0 WorkerThread "GC Thread#1" [stack: 0x0000001e2d800000,0x0000001e2d900000] [id=75072]
  0x0000019550542e30 WorkerThread "GC Thread#2" [stack: 0x0000001e2d900000,0x0000001e2da00000] [id=71904]
  0x0000019550549b60 WorkerThread "GC Thread#3" [stack: 0x0000001e2da00000,0x0000001e2db00000] [id=72836]
  0x000001956ffcbc60 ConcurrentGCThread "G1 Main Marker" [stack: 0x0000001e2c600000,0x0000001e2c700000] [id=73520]
  0x000001956ffcce30 WorkerThread "G1 Conc#0" [stack: 0x0000001e2c700000,0x0000001e2c800000] [id=75376]
  0x000001957001f6a0 ConcurrentGCThread "G1 Refine#0" [stack: 0x0000001e2c800000,0x0000001e2c900000] [id=69300]
  0x0000019570020140 ConcurrentGCThread "G1 Service" [stack: 0x0000001e2c900000,0x0000001e2ca00000] [id=73252]

Threads with active compile tasks:
C2 CompilerThread0    80305 2030       4       java.lang.invoke.MethodType::makeImpl (109 bytes)
C1 CompilerThread0    80306 2033       3       java.util.Collections$UnmodifiableMap$UnmodifiableEntrySet$UnmodifiableEntry::getValue (10 bytes)

VM state: not at safepoint (normal execution)

VM Mutex/Monitor currently owned by a thread: None

Heap address: 0x00000000c9c00000, size: 868 MB, Compressed Oops mode: 32-bit

CDS archive(s) mapped at: [0x000001950f000000-0x000001950fc60000-0x000001950fc60000), size 12976128, SharedBaseAddress: 0x000001950f000000, ArchiveRelocationMode: 1.
Compressed class space mapped at: 0x0000019510000000-0x0000019550000000, reserved size: 1073741824
Narrow klass base: 0x000001950f000000, Narrow klass shift: 0, Narrow klass range: 0x100000000

GC Precious Log:
 CardTable entry size: 512
 Card Set container configuration: InlinePtr #cards 5 size 8 Array Of Cards #cards 12 size 40 Howl #buckets 4 coarsen threshold 1843 Howl Bitmap #cards 512 size 80 coarsen threshold 460 Card regions per heap region 1 cards per card region 2048
 CPUs: 4 total, 4 available
 Memory: 3470M
 Large Page Support: Disabled
 NUMA Support: Disabled
 Compressed Oops: Enabled (32-bit)
 Heap Region Size: 1M
 Heap Min Capacity: 8M
 Heap Initial Capacity: 56M
 Heap Max Capacity: 868M
 Pre-touch: Disabled
 Parallel Workers: 4
 Concurrent Workers: 1
 Concurrent Refinement Workers: 4
 Periodic GC: Disabled

Heap:
 garbage-first heap   total 57344K, used 10888K [0x00000000c9c00000, 0x0000000100000000)
  region size 1024K, 8 young (8192K), 2 survivors (2048K)
 Metaspace       used 12483K, committed 12800K, reserved 1114112K
  class space    used 1462K, committed 1600K, reserved 1048576K

Heap Regions: E=young(eden), S=young(survivor), O=old, HS=humongous(starts), HC=humongous(continues), CS=collection set, F=free, OA=open archive, CA=closed archive, TAMS=top-at-mark-start, PB=parsable bottom
|   0|0x00000000c9c00000, 0x00000000c9d00000, 0x00000000c9d00000|100%| O|  |TAMS 0x00000000c9c00000| PB 0x00000000c9c00000| Untracked 
|   1|0x00000000c9d00000, 0x00000000c9e00000, 0x00000000c9e00000|100%| O|  |TAMS 0x00000000c9d00000| PB 0x00000000c9d00000| Untracked 
|   2|0x00000000c9e00000, 0x00000000c9f00000, 0x00000000c9f00000|100%| O|  |TAMS 0x00000000c9e00000| PB 0x00000000c9e00000| Untracked 
|   3|0x00000000c9f00000, 0x00000000ca000000, 0x00000000ca000000|100%| O|  |TAMS 0x00000000c9f00000| PB 0x00000000c9f00000| Untracked 
|   4|0x00000000ca000000, 0x00000000ca0a2000, 0x00000000ca100000| 63%| O|  |TAMS 0x00000000ca000000| PB 0x00000000ca000000| Untracked 
|   5|0x00000000ca100000, 0x00000000ca100000, 0x00000000ca200000|  0%| F|  |TAMS 0x00000000ca100000| PB 0x00000000ca100000| Untracked 
|   6|0x00000000ca200000, 0x00000000ca200000, 0x00000000ca300000|  0%| F|  |TAMS 0x00000000ca200000| PB 0x00000000ca200000| Untracked 
|   7|0x00000000ca300000, 0x00000000ca300000, 0x00000000ca400000|  0%| F|  |TAMS 0x00000000ca300000| PB 0x00000000ca300000| Untracked 
|   8|0x00000000ca400000, 0x00000000ca400000, 0x00000000ca500000|  0%| F|  |TAMS 0x00000000ca400000| PB 0x00000000ca400000| Untracked 
|   9|0x00000000ca500000, 0x00000000ca500000, 0x00000000ca600000|  0%| F|  |TAMS 0x00000000ca500000| PB 0x00000000ca500000| Untracked 
|  10|0x00000000ca600000, 0x00000000ca600000, 0x00000000ca700000|  0%| F|  |TAMS 0x00000000ca600000| PB 0x00000000ca600000| Untracked 
|  11|0x00000000ca700000, 0x00000000ca700000, 0x00000000ca800000|  0%| F|  |TAMS 0x00000000ca700000| PB 0x00000000ca700000| Untracked 
|  12|0x00000000ca800000, 0x00000000ca800000, 0x00000000ca900000|  0%| F|  |TAMS 0x00000000ca800000| PB 0x00000000ca800000| Untracked 
|  13|0x00000000ca900000, 0x00000000ca900000, 0x00000000caa00000|  0%| F|  |TAMS 0x00000000ca900000| PB 0x00000000ca900000| Untracked 
|  14|0x00000000caa00000, 0x00000000caa00000, 0x00000000cab00000|  0%| F|  |TAMS 0x00000000caa00000| PB 0x00000000caa00000| Untracked 
|  15|0x00000000cab00000, 0x00000000cab00000, 0x00000000cac00000|  0%| F|  |TAMS 0x00000000cab00000| PB 0x00000000cab00000| Untracked 
|  16|0x00000000cac00000, 0x00000000cac00000, 0x00000000cad00000|  0%| F|  |TAMS 0x00000000cac00000| PB 0x00000000cac00000| Untracked 
|  17|0x00000000cad00000, 0x00000000cad00000, 0x00000000cae00000|  0%| F|  |TAMS 0x00000000cad00000| PB 0x00000000cad00000| Untracked 
|  18|0x00000000cae00000, 0x00000000cae00000, 0x00000000caf00000|  0%| F|  |TAMS 0x00000000cae00000| PB 0x00000000cae00000| Untracked 
|  19|0x00000000caf00000, 0x00000000caf00000, 0x00000000cb000000|  0%| F|  |TAMS 0x00000000caf00000| PB 0x00000000caf00000| Untracked 
|  20|0x00000000cb000000, 0x00000000cb000000, 0x00000000cb100000|  0%| F|  |TAMS 0x00000000cb000000| PB 0x00000000cb000000| Untracked 
|  21|0x00000000cb100000, 0x00000000cb100000, 0x00000000cb200000|  0%| F|  |TAMS 0x00000000cb100000| PB 0x00000000cb100000| Untracked 
|  22|0x00000000cb200000, 0x00000000cb200000, 0x00000000cb300000|  0%| F|  |TAMS 0x00000000cb200000| PB 0x00000000cb200000| Untracked 
|  23|0x00000000cb300000, 0x00000000cb300000, 0x00000000cb400000|  0%| F|  |TAMS 0x00000000cb300000| PB 0x00000000cb300000| Untracked 
|  24|0x00000000cb400000, 0x00000000cb400000, 0x00000000cb500000|  0%| F|  |TAMS 0x00000000cb400000| PB 0x00000000cb400000| Untracked 
|  25|0x00000000cb500000, 0x00000000cb500000, 0x00000000cb600000|  0%| F|  |TAMS 0x00000000cb500000| PB 0x00000000cb500000| Untracked 
|  26|0x00000000cb600000, 0x00000000cb600000, 0x00000000cb700000|  0%| F|  |TAMS 0x00000000cb600000| PB 0x00000000cb600000| Untracked 
|  27|0x00000000cb700000, 0x00000000cb700000, 0x00000000cb800000|  0%| F|  |TAMS 0x00000000cb700000| PB 0x00000000cb700000| Untracked 
|  28|0x00000000cb800000, 0x00000000cb800000, 0x00000000cb900000|  0%| F|  |TAMS 0x00000000cb800000| PB 0x00000000cb800000| Untracked 
|  29|0x00000000cb900000, 0x00000000cb900000, 0x00000000cba00000|  0%| F|  |TAMS 0x00000000cb900000| PB 0x00000000cb900000| Untracked 
|  30|0x00000000cba00000, 0x00000000cba00000, 0x00000000cbb00000|  0%| F|  |TAMS 0x00000000cba00000| PB 0x00000000cba00000| Untracked 
|  31|0x00000000cbb00000, 0x00000000cbb00000, 0x00000000cbc00000|  0%| F|  |TAMS 0x00000000cbb00000| PB 0x00000000cbb00000| Untracked 
|  32|0x00000000cbc00000, 0x00000000cbc00000, 0x00000000cbd00000|  0%| F|  |TAMS 0x00000000cbc00000| PB 0x00000000cbc00000| Untracked 
|  33|0x00000000cbd00000, 0x00000000cbd00000, 0x00000000cbe00000|  0%| F|  |TAMS 0x00000000cbd00000| PB 0x00000000cbd00000| Untracked 
|  34|0x00000000cbe00000, 0x00000000cbe00000, 0x00000000cbf00000|  0%| F|  |TAMS 0x00000000cbe00000| PB 0x00000000cbe00000| Untracked 
|  35|0x00000000cbf00000, 0x00000000cbf00000, 0x00000000cc000000|  0%| F|  |TAMS 0x00000000cbf00000| PB 0x00000000cbf00000| Untracked 
|  36|0x00000000cc000000, 0x00000000cc000000, 0x00000000cc100000|  0%| F|  |TAMS 0x00000000cc000000| PB 0x00000000cc000000| Untracked 
|  37|0x00000000cc100000, 0x00000000cc100000, 0x00000000cc200000|  0%| F|  |TAMS 0x00000000cc100000| PB 0x00000000cc100000| Untracked 
|  38|0x00000000cc200000, 0x00000000cc200000, 0x00000000cc300000|  0%| F|  |TAMS 0x00000000cc200000| PB 0x00000000cc200000| Untracked 
|  39|0x00000000cc300000, 0x00000000cc400000, 0x00000000cc400000|100%| S|CS|TAMS 0x00000000cc300000| PB 0x00000000cc300000| Complete 
|  40|0x00000000cc400000, 0x00000000cc500000, 0x00000000cc500000|100%| S|CS|TAMS 0x00000000cc400000| PB 0x00000000cc400000| Complete 
|  41|0x00000000cc500000, 0x00000000cc500000, 0x00000000cc600000|  0%| F|  |TAMS 0x00000000cc500000| PB 0x00000000cc500000| Untracked 
|  42|0x00000000cc600000, 0x00000000cc600000, 0x00000000cc700000|  0%| F|  |TAMS 0x00000000cc600000| PB 0x00000000cc600000| Untracked 
|  43|0x00000000cc700000, 0x00000000cc700000, 0x00000000cc800000|  0%| F|  |TAMS 0x00000000cc700000| PB 0x00000000cc700000| Untracked 
|  44|0x00000000cc800000, 0x00000000cc800000, 0x00000000cc900000|  0%| F|  |TAMS 0x00000000cc800000| PB 0x00000000cc800000| Untracked 
|  45|0x00000000cc900000, 0x00000000cc900000, 0x00000000cca00000|  0%| F|  |TAMS 0x00000000cc900000| PB 0x00000000cc900000| Untracked 
|  46|0x00000000cca00000, 0x00000000cca00000, 0x00000000ccb00000|  0%| F|  |TAMS 0x00000000cca00000| PB 0x00000000cca00000| Untracked 
|  47|0x00000000ccb00000, 0x00000000ccb00000, 0x00000000ccc00000|  0%| F|  |TAMS 0x00000000ccb00000| PB 0x00000000ccb00000| Untracked 
|  48|0x00000000ccc00000, 0x00000000ccc00000, 0x00000000ccd00000|  0%| F|  |TAMS 0x00000000ccc00000| PB 0x00000000ccc00000| Untracked 
|  49|0x00000000ccd00000, 0x00000000ccd00000, 0x00000000cce00000|  0%| F|  |TAMS 0x00000000ccd00000| PB 0x00000000ccd00000| Untracked 
|  50|0x00000000cce00000, 0x00000000ccea6db0, 0x00000000ccf00000| 65%| E|  |TAMS 0x00000000cce00000| PB 0x00000000cce00000| Complete 
|  51|0x00000000ccf00000, 0x00000000cd000000, 0x00000000cd000000|100%| E|  |TAMS 0x00000000ccf00000| PB 0x00000000ccf00000| Complete 
|  52|0x00000000cd000000, 0x00000000cd100000, 0x00000000cd100000|100%| E|CS|TAMS 0x00000000cd000000| PB 0x00000000cd000000| Complete 
|  53|0x00000000cd100000, 0x00000000cd200000, 0x00000000cd200000|100%| E|CS|TAMS 0x00000000cd100000| PB 0x00000000cd100000| Complete 
|  54|0x00000000cd200000, 0x00000000cd300000, 0x00000000cd300000|100%| E|CS|TAMS 0x00000000cd200000| PB 0x00000000cd200000| Complete 
|  55|0x00000000cd300000, 0x00000000cd400000, 0x00000000cd400000|100%| E|CS|TAMS 0x00000000cd300000| PB 0x00000000cd300000| Complete 

Card table byte_map: [0x0000019578050000,0x0000019578210000] _byte_map_base: 0x0000019577a02000

Marking Bits: (CMBitMap*) 0x000001956ffc4560
 Bits: [0x00000195783d0000, 0x0000019579160000)

Polling page: 0x000001956dcd0000

Metaspace:

Usage:
  Non-class:     10.76 MB used.
      Class:      1.43 MB used.
       Both:     12.19 MB used.

Virtual space:
  Non-class space:       64.00 MB reserved,      10.94 MB ( 17%) committed,  1 nodes.
      Class space:        1.00 GB reserved,       1.56 MB ( <1%) committed,  1 nodes.
             Both:        1.06 GB reserved,      12.50 MB (  1%) committed. 

Chunk freelists:
   Non-Class:  128.00 KB
       Class:  2.34 MB
        Both:  2.47 MB

MaxMetaspaceSize: unlimited
CompressedClassSpaceSize: 1.00 GB
Initial GC threshold: 21.00 MB
Current GC threshold: 21.00 MB
CDS: on
MetaspaceReclaimPolicy: balanced
 - commit_granule_bytes: 65536.
 - commit_granule_words: 8192.
 - virtual_space_node_default_size: 8388608.
 - enlarge_chunks_in_place: 1.
 - new_chunks_are_fully_committed: 0.
 - uncommit_free_chunks: 1.
 - use_allocation_guard: 0.


Internal statistics:

num_allocs_failed_limit: 0.
num_arena_births: 264.
num_arena_deaths: 0.
num_vsnodes_births: 2.
num_vsnodes_deaths: 0.
num_space_committed: 200.
num_space_uncommitted: 0.
num_chunks_returned_to_freelist: 0.
num_chunks_taken_from_freelist: 555.
num_chunk_merges: 0.
num_chunk_splits: 313.
num_chunks_enlarged: 185.
num_inconsistent_stats: 0.

CodeHeap 'non-profiled nmethods': size=120000Kb used=625Kb max_used=625Kb free=119374Kb
 bounds [0x0000019507ad0000, 0x0000019507d40000, 0x000001950f000000]
CodeHeap 'profiled nmethods': size=120000Kb used=3816Kb max_used=3816Kb free=116183Kb
 bounds [0x0000019500000000, 0x00000195003c0000, 0x0000019507530000]
CodeHeap 'non-nmethods': size=5760Kb used=1515Kb max_used=1551Kb free=4244Kb
 bounds [0x0000019507530000, 0x00000195077a0000, 0x0000019507ad0000]
 total_blobs=2569 nmethods=2031 adapters=448
 compilation: enabled
              stopped_count=0, restarted_count=0
 full_count=0

Compilation events (20 events):
Event: 74.909 Thread 0x000001957b6fe180 nmethod 2022 0x00000195003b7810 code [0x00000195003b79e0, 0x00000195003b7f00]
Event: 74.909 Thread 0x000001957b6fe180 2023       3       java.lang.invoke.DirectMethodHandle$Holder::invokeStatic (17 bytes)
Event: 74.912 Thread 0x000001957b6fe180 nmethod 2023 0x00000195003b8090 code [0x00000195003b8240, 0x00000195003b8720]
Event: 79.990 Thread 0x000001957b6fe180 2024       3       java.util.HashMap$HashMapSpliterator::getFence (53 bytes)
Event: 79.992 Thread 0x000001957b6fe180 nmethod 2024 0x00000195003b8890 code [0x00000195003b8a20, 0x00000195003b8be0]
Event: 79.992 Thread 0x000001957b6fe180 2027       3       java.util.Formatter$FixedString::<init> (20 bytes)
Event: 79.992 Thread 0x000001957b6fe180 nmethod 2027 0x00000195003b8c90 code [0x00000195003b8e20, 0x00000195003b8fe8]
Event: 79.992 Thread 0x000001957b6fe180 2028       3       java.util.Formatter$FixedString::print (23 bytes)
Event: 79.993 Thread 0x000001957b6fe180 nmethod 2028 0x00000195003b9090 code [0x00000195003b9220, 0x00000195003b9400]
Event: 79.993 Thread 0x000001957b6fe180 2029       3       java.lang.StringBuilder::append (8 bytes)
Event: 79.993 Thread 0x000001957b6fe180 nmethod 2029 0x00000195003b9510 code [0x00000195003b96a0, 0x00000195003b9850]
Event: 79.993 Thread 0x000001957b6fe180 2026       3       jdk.internal.net.http.common.SequentialScheduler::runOrSchedule (10 bytes)
Event: 79.993 Thread 0x000001957b6fe180 nmethod 2026 0x00000195003b9910 code [0x00000195003b9aa0, 0x00000195003b9be8]
Event: 79.993 Thread 0x000001957b6fe180 2025       1       jdk.internal.net.http.SocketTube$SocketFlowEvent::interestOps (5 bytes)
Event: 79.993 Thread 0x000001957b6fe180 nmethod 2025 0x0000019507b6c010 code [0x0000019507b6c180, 0x0000019507b6c248]
Event: 80.009 Thread 0x000001957b6fc7f0 2030       4       java.lang.invoke.MethodType::makeImpl (109 bytes)
Event: 80.023 Thread 0x000001957b6fe180 2031       1       java.lang.invoke.MethodHandleImpl$AsVarargsCollector::getTarget (5 bytes)
Event: 80.023 Thread 0x000001957b6fe180 nmethod 2031 0x0000019507b6c310 code [0x0000019507b6c480, 0x0000019507b6c548]
Event: 80.030 Thread 0x000001957b6fe180 2032       3       jdk.internal.org.objectweb.asm.MethodVisitor::visitTypeInsn (17 bytes)
Event: 80.031 Thread 0x000001957b6fe180 nmethod 2032 0x00000195003b9c90 code [0x00000195003b9e20, 0x00000195003ba030]

GC Heap History (4 events):
Event: 7.151 GC heap before
{Heap before GC invocations=0 (full 0):
 garbage-first heap   total 57344K, used 13312K [0x00000000c9c00000, 0x0000000100000000)
  region size 1024K, 13 young (13312K), 0 survivors (0K)
 Metaspace       used 5282K, committed 5504K, reserved 1114112K
  class space    used 602K, committed 704K, reserved 1048576K
}
Event: 7.163 GC heap after
{Heap after GC invocations=1 (full 0):
 garbage-first heap   total 57344K, used 4512K [0x00000000c9c00000, 0x0000000100000000)
  region size 1024K, 2 young (2048K), 2 survivors (2048K)
 Metaspace       used 5282K, committed 5504K, reserved 1114112K
  class space    used 602K, committed 704K, reserved 1048576K
}
Event: 17.079 GC heap before
{Heap before GC invocations=1 (full 0):
 garbage-first heap   total 57344K, used 16800K [0x00000000c9c00000, 0x0000000100000000)
  region size 1024K, 15 young (15360K), 2 survivors (2048K)
 Metaspace       used 11281K, committed 11584K, reserved 1114112K
  class space    used 1321K, committed 1472K, reserved 1048576K
}
Event: 17.098 GC heap after
{Heap after GC invocations=2 (full 0):
 garbage-first heap   total 57344K, used 6792K [0x00000000c9c00000, 0x0000000100000000)
  region size 1024K, 2 young (2048K), 2 survivors (2048K)
 Metaspace       used 11281K, committed 11584K, reserved 1114112K
  class space    used 1321K, committed 1472K, reserved 1048576K
}

Dll operation events (11 events):
Event: 0.096 Loaded shared library C:\Program Files\Java\jdk-20\bin\java.dll
Event: 0.264 Loaded shared library C:\Program Files\Java\jdk-20\bin\jsvml.dll
Event: 0.578 Loaded shared library C:\Program Files\Java\jdk-20\bin\zip.dll
Event: 0.589 Loaded shared library C:\Program Files\Java\jdk-20\bin\instrument.dll
Event: 0.651 Loaded shared library C:\Program Files\Java\jdk-20\bin\net.dll
Event: 0.673 Loaded shared library C:\Program Files\Java\jdk-20\bin\nio.dll
Event: 0.691 Loaded shared library C:\Program Files\Java\jdk-20\bin\zip.dll
Event: 1.480 Loaded shared library C:\Program Files\JetBrains\IntelliJ IDEA Community Edition 2023.3.4\bin\breakgen64.dll
Event: 1.559 Loaded shared library C:\Program Files\Java\jdk-20\bin\extnet.dll
Event: 1.731 Loaded shared library C:\Program Files\Java\jdk-20\bin\jimage.dll
Event: 7.052 Loaded shared library C:\Program Files\Java\jdk-20\bin\sunmscapi.dll

Deoptimization events (20 events):
Event: 17.452 Thread 0x000001956ff84180 Uncommon trap: trap_request=0xffffffde fr.pc=0x0000019507b41b24 relative=0x0000000000000384
Event: 17.452 Thread 0x000001956ff84180 Uncommon trap: reason=class_check action=maybe_recompile pc=0x0000019507b41b24 method=java.lang.String.<init>(Ljava/lang/AbstractStringBuilder;Ljava/lang/Void;)V @ 10 c2
Event: 17.452 Thread 0x000001956ff84180 DEOPT PACKING pc=0x0000019507b41b24 sp=0x0000001e2c4fe5c0
Event: 17.452 Thread 0x000001956ff84180 DEOPT UNPACKING pc=0x0000019507599d22 sp=0x0000001e2c4fe578 mode 2
Event: 17.453 Thread 0x000001956ff84180 Uncommon trap: trap_request=0xffffffde fr.pc=0x0000019507b41b24 relative=0x0000000000000384
Event: 17.453 Thread 0x000001956ff84180 Uncommon trap: reason=class_check action=maybe_recompile pc=0x0000019507b41b24 method=java.lang.String.<init>(Ljava/lang/AbstractStringBuilder;Ljava/lang/Void;)V @ 10 c2
Event: 17.453 Thread 0x000001956ff84180 DEOPT PACKING pc=0x0000019507b41b24 sp=0x0000001e2c4fe5c0
Event: 17.453 Thread 0x000001956ff84180 DEOPT UNPACKING pc=0x0000019507599d22 sp=0x0000001e2c4fe578 mode 2
Event: 33.839 Thread 0x000001956ff84180 Uncommon trap: trap_request=0xfffffff4 fr.pc=0x0000019507b4056c relative=0x000000000000024c
Event: 33.840 Thread 0x000001956ff84180 Uncommon trap: reason=null_check action=make_not_entrant pc=0x0000019507b4056c method=java.util.ArrayList.add(Ljava/lang/Object;[Ljava/lang/Object;I)V @ 14 c2
Event: 33.843 Thread 0x000001956ff84180 DEOPT PACKING pc=0x0000019507b4056c sp=0x0000001e2c4feb40
Event: 33.843 Thread 0x000001956ff84180 DEOPT UNPACKING pc=0x0000019507599d22 sp=0x0000001e2c4fea88 mode 2
Event: 77.340 Thread 0x000001955082ac10 Uncommon trap: trap_request=0xffffffde fr.pc=0x0000019507b212e8 relative=0x0000000000000de8
Event: 77.349 Thread 0x000001955082ac10 Uncommon trap: reason=class_check action=maybe_recompile pc=0x0000019507b212e8 method=java.util.concurrent.ConcurrentHashMap.putVal(Ljava/lang/Object;Ljava/lang/Object;Z)Ljava/lang/Object; @ 242 c2
Event: 77.350 Thread 0x000001955082ac10 DEOPT PACKING pc=0x0000019507b212e8 sp=0x0000001e2e6fde80
Event: 77.355 Thread 0x000001955082ac10 DEOPT UNPACKING pc=0x0000019507599d22 sp=0x0000001e2e6fddf0 mode 2
Event: 77.394 Thread 0x000001955082ac10 Uncommon trap: trap_request=0xffffff54 fr.pc=0x0000019507b5ca50 relative=0x0000000000003a90
Event: 77.397 Thread 0x000001955082ac10 Uncommon trap: reason=speculate_null_assert action=make_not_entrant pc=0x0000019507b5ca50 method=java.lang.invoke.MethodType$ConcurrentWeakInternSet.add(Ljava/lang/Object;)Ljava/lang/Object; @ 47 c2
Event: 77.398 Thread 0x000001955082ac10 DEOPT PACKING pc=0x0000019507b5ca50 sp=0x0000001e2e6fdf30
Event: 77.398 Thread 0x000001955082ac10 DEOPT UNPACKING pc=0x0000019507599d22 sp=0x0000001e2e6fded8 mode 2

Classes loaded (20 events):
Event: 17.476 Loading class sun/util/logging/resources/logging_en_IN
Event: 17.476 Loading class sun/util/logging/resources/logging_en_IN done
Event: 17.476 Loading class sun/util/logging/resources/logging_en_IN
Event: 17.476 Loading class sun/util/logging/resources/logging_en_IN done
Event: 17.476 Loading class java/util/Formatter$DateTime
Event: 17.477 Loading class java/util/Formatter$DateTime done
Event: 17.484 Loading class java/time/ZonedDateTime$1
Event: 17.487 Loading class java/time/ZonedDateTime$1 done
Event: 33.879 Loading class java/io/UnsupportedEncodingException
Event: 33.887 Loading class java/io/UnsupportedEncodingException done
Event: 33.887 Loading class java/net/URLEncoder
Event: 33.890 Loading class java/net/URLEncoder done
Event: 33.890 Loading class java/util/BitSet
Event: 33.897 Loading class java/util/BitSet done
Event: 33.898 Loading class java/io/CharArrayWriter
Event: 33.901 Loading class java/io/CharArrayWriter done
Event: 80.072 Loading class java/util/TreeMap$EntrySpliterator
Event: 80.082 Loading class java/util/TreeMap$EntrySpliterator done
Event: 80.097 Loading class java/util/stream/SortedOps$SizedRefSortingSink
Event: 80.104 Loading class java/util/stream/SortedOps$SizedRefSortingSink done

Classes unloaded (0 events):
No events

Classes redefined (0 events):
No events

Internal exceptions (20 events):
Event: 7.358 Thread 0x000001956ff84180 Exception <a 'java/lang/NoSuchMethodError'{0x00000000ccea2c08}: 'java.lang.Object java.lang.invoke.DirectMethodHandle$Holder.invokeStaticInit(java.lang.Object, int, int, int, int)'> (0x00000000ccea2c08) 
thrown [s\open\src\hotspot\share\interpreter\linkResolver.cpp, line 773]
Event: 7.502 Thread 0x000001956ff84180 Exception <a 'java/lang/NoSuchMethodError'{0x00000000ccd3a7c0}: 'java.lang.Object java.lang.invoke.DirectMethodHandle$Holder.invokeStaticInit(java.lang.Object, java.lang.Object, int, int, int, int)'> (0x00000000ccd3a7c0) 
thrown [s\open\src\hotspot\share\interpreter\linkResolver.cpp, line 773]
Event: 7.707 Thread 0x000001956ff84180 Exception <a 'java/lang/NoSuchMethodError'{0x00000000ccc482d0}: 'java.lang.Object java.lang.invoke.DirectMethodHandle$Holder.invokeInterface(java.lang.Object, java.lang.Object, java.lang.Object)'> (0x00000000ccc482d0) 
thrown [s\open\src\hotspot\share\interpreter\linkResolver.cpp, line 773]
Event: 7.708 Thread 0x000001956ff84180 Exception <a 'java/lang/IncompatibleClassChangeError'{0x00000000ccc4b6b8}: Found class java.lang.Object, but interface was expected> (0x00000000ccc4b6b8) 
thrown [s\open\src\hotspot\share\interpreter\linkResolver.cpp, line 840]
Event: 7.710 Thread 0x000001956ff84180 Exception <a 'java/lang/NoSuchMethodError'{0x00000000ccc53b50}: 'int java.lang.invoke.DirectMethodHandle$Holder.invokeSpecialIFC(java.lang.Object, java.lang.Object, java.lang.Object, java.lang.Object)'> (0x00000000ccc53b50) 
thrown [s\open\src\hotspot\share\interpreter\linkResolver.cpp, line 773]
Event: 7.717 Thread 0x000001956ff84180 Exception <a 'java/lang/NoSuchMethodError'{0x00000000ccc75f48}: 'java.lang.Object java.lang.invoke.DirectMethodHandle$Holder.invokeVirtual(java.lang.Object, java.lang.Object, java.lang.Object, java.lang.Object)'> (0x00000000ccc75f48) 
thrown [s\open\src\hotspot\share\interpreter\linkResolver.cpp, line 773]
Event: 7.820 Thread 0x0000019550ad8830 Exception <a 'java/net/ConnectException'{0x00000000ccce70b0}: Connection refused: no further information> (0x00000000ccce70b0) 
thrown [s\open\src\hotspot\share\prims\jni.cpp, line 538]
Event: 7.841 Thread 0x0000019550ad8830 Exception <a 'java/net/ConnectException'{0x00000000ccce81b0}: Connection refused: no further information> (0x00000000ccce81b0) 
thrown [s\open\src\hotspot\share\prims\jni.cpp, line 538]
Event: 7.879 Thread 0x0000019550ad8830 Exception <a 'java/net/ConnectException'{0x00000000ccce90d8}: Connection refused: no further information> (0x00000000ccce90d8) 
thrown [s\open\src\hotspot\share\prims\jni.cpp, line 538]
Event: 8.075 Thread 0x000001956ff84180 Exception <a 'java/lang/NoSuchMethodError'{0x00000000ccbbdb80}: 'java.lang.Object java.lang.invoke.DirectMethodHandle$Holder.newInvokeSpecial(java.lang.Object, java.lang.Object, int, int)'> (0x00000000ccbbdb80) 
thrown [s\open\src\hotspot\share\interpreter\linkResolver.cpp, line 773]
Event: 8.076 Thread 0x000001956ff84180 Exception <a 'java/lang/NoSuchMethodError'{0x00000000ccbc8080}: 'void java.lang.invoke.DirectMethodHandle$Holder.invokeStatic(java.lang.Object, java.lang.Object, int)'> (0x00000000ccbc8080) 
thrown [s\open\src\hotspot\share\interpreter\linkResolver.cpp, line 773]
Event: 8.149 Thread 0x000001956ff84180 Exception <a 'java/lang/NoSuchMethodError'{0x00000000cca856a0}: 'java.lang.Object java.lang.invoke.DirectMethodHandle$Holder.newInvokeSpecial(java.lang.Object, java.lang.Object, java.lang.Object, java.lang.Object, java.lang.Object)'> (0x00000000cca856a0) 
thrown [s\open\src\hotspot\share\interpreter\linkResolver.cpp, line 773]
Event: 8.333 Thread 0x000001955082b160 Exception <a 'java/lang/NoSuchMethodError'{0x00000000cc9a9708}: 'java.lang.Object java.lang.invoke.DirectMethodHandle$Holder.invokeSpecial(java.lang.Object, java.lang.Object, java.lang.Object, java.lang.Object, int)'> (0x00000000cc9a9708) 
thrown [s\open\src\hotspot\share\interpreter\linkResolver.cpp, line 773]
Event: 8.334 Thread 0x000001955082b160 Exception <a 'java/lang/NoSuchMethodError'{0x00000000cc9ad050}: 'java.lang.Object java.lang.invoke.Invokers$Holder.linkToTargetMethod(java.lang.Object, java.lang.Object, int, java.lang.Object)'> (0x00000000cc9ad050) 
thrown [s\open\src\hotspot\share\interpreter\linkResolver.cpp, line 773]
Event: 8.358 Thread 0x000001955082b160 Exception <a 'java/lang/NoSuchMethodError'{0x00000000cc9c9868}: 'void java.lang.invoke.DirectMethodHandle$Holder.invokeSpecial(java.lang.Object, java.lang.Object, java.lang.Object)'> (0x00000000cc9c9868) 
thrown [s\open\src\hotspot\share\interpreter\linkResolver.cpp, line 773]
Event: 8.391 Thread 0x000001955082b160 Exception <a 'java/lang/NoSuchMethodError'{0x00000000cc9fbc60}: 'void java.lang.invoke.DirectMethodHandle$Holder.invokeSpecial(java.lang.Object, java.lang.Object, java.lang.Object, java.lang.Object, java.lang.Object)'> (0x00000000cc9fbc60) 
thrown [s\open\src\hotspot\share\interpreter\linkResolver.cpp, line 773]
Event: 16.946 Thread 0x000001955082c6a0 Exception <a 'java/lang/NoSuchMethodError'{0x00000000cc720c38}: 'void java.lang.invoke.DirectMethodHandle$Holder.invokeSpecial(java.lang.Object, java.lang.Object, java.lang.Object, java.lang.Object, java.lang.Object, java.lang.Object, java.lang.Object)'> (0x00000000cc720c38) 
thrown [s\open\src\hotspot\share\interpreter\linkResolver.cpp, line 773]
Event: 16.979 Thread 0x000001956ff84180 Exception <a 'java/lang/NoSuchMethodError'{0x00000000cc76c7c8}: 'java.lang.Object java.lang.invoke.DirectMethodHandle$Holder.invokeSpecialIFC(java.lang.Object, java.lang.Object, java.lang.Object)'> (0x00000000cc76c7c8) 
thrown [s\open\src\hotspot\share\interpreter\linkResolver.cpp, line 773]
Event: 17.456 Thread 0x000001956ff84180 Exception <a 'java/lang/ClassNotFoundException'{0x00000000cd1db0c8}: sun/util/logging/resources/spi/loggingProvider> (0x00000000cd1db0c8) 
thrown [s\open\src\hotspot\share\classfile\systemDictionary.cpp, line 305]
Event: 33.826 Thread 0x000001956ff84180 Implicit null exception at 0x0000019507b403aa to 0x0000019507b4055c

VM Operations (20 events):
Event: 35.231 Executing VM operation: Cleanup
Event: 35.231 Executing VM operation: Cleanup done
Event: 36.246 Executing VM operation: Cleanup
Event: 36.246 Executing VM operation: Cleanup done
Event: 41.293 Executing VM operation: Cleanup
Event: 41.294 Executing VM operation: Cleanup done
Event: 51.368 Executing VM operation: Cleanup
Event: 51.370 Executing VM operation: Cleanup done
Event: 56.410 Executing VM operation: Cleanup
Event: 56.410 Executing VM operation: Cleanup done
Event: 60.200 Executing VM operation: HandshakeAllThreads
Event: 60.200 Executing VM operation: HandshakeAllThreads done
Event: 61.211 Executing VM operation: Cleanup
Event: 61.212 Executing VM operation: Cleanup done
Event: 69.263 Executing VM operation: Cleanup
Event: 69.268 Executing VM operation: Cleanup done
Event: 73.293 Executing VM operation: Cleanup
Event: 73.293 Executing VM operation: Cleanup done
Event: 75.303 Executing VM operation: Cleanup
Event: 75.303 Executing VM operation: Cleanup done

Events (20 events):
Event: 6.877 Thread 0x000001957f924150 Thread added: 0x000001957f924150
Event: 7.650 Thread 0x00000195505b5580 Thread added: 0x00000195505b5580
Event: 7.746 Thread 0x0000019550b60890 Thread added: 0x0000019550b60890
Event: 7.777 Thread 0x00000195505c6810 Thread added: 0x00000195505c6810
Event: 7.778 Thread 0x000001955076e490 Thread added: 0x000001955076e490
Event: 7.801 Thread 0x0000019550ad8830 Thread added: 0x0000019550ad8830
Event: 7.949 Thread 0x000001955082ac10 Thread added: 0x000001955082ac10
Event: 8.286 Thread 0x000001955082b160 Thread added: 0x000001955082b160
Event: 8.415 Thread 0x000001955082b6b0 Thread added: 0x000001955082b6b0
Event: 8.447 Thread 0x000001955082c6a0 Thread added: 0x000001955082c6a0
Event: 12.958 Thread 0x000001955082ac10 Thread exited: 0x000001955082ac10
Event: 17.236 Thread 0x000001955082bc00 Thread added: 0x000001955082bc00
Event: 17.238 Thread 0x000001955082a6c0 Thread added: 0x000001955082a6c0
Event: 17.255 Thread 0x000001955082ac10 Thread added: 0x000001955082ac10
Event: 17.256 Thread 0x000001955082a170 Thread added: 0x000001955082a170
Event: 67.990 Thread 0x0000019550ad8830 Thread exited: 0x0000019550ad8830
Event: 74.761 Thread 0x000001955082cbf0 Thread added: 0x000001955082cbf0
Event: 77.349 Thread 0x000001955082a6c0 Thread exited: 0x000001955082a6c0
Event: 77.394 Thread 0x000001955082a170 Thread exited: 0x000001955082a170
Event: 77.435 Thread 0x000001955082ac10 Thread exited: 0x000001955082ac10


Dynamic libraries:
0x00007ff6035d0000 - 0x00007ff6035e0000 	C:\Program Files\Java\jdk-20\bin\java.exe
0x00007ffc9e610000 - 0x00007ffc9e826000 	C:\WINDOWS\SYSTEM32\ntdll.dll
0x00007ffc9cf80000 - 0x00007ffc9d044000 	C:\WINDOWS\System32\KERNEL32.DLL
0x00007ffc9be90000 - 0x00007ffc9c236000 	C:\WINDOWS\System32\KERNELBASE.dll
0x00007ffc9bc00000 - 0x00007ffc9bd11000 	C:\WINDOWS\System32\ucrtbase.dll
0x00007ffc8b730000 - 0x00007ffc8b749000 	C:\Program Files\Java\jdk-20\bin\jli.dll
0x00007ffc9d050000 - 0x00007ffc9d102000 	C:\WINDOWS\System32\ADVAPI32.dll
0x00007ffc9c780000 - 0x00007ffc9c827000 	C:\WINDOWS\System32\msvcrt.dll
0x00007ffc9cda0000 - 0x00007ffc9ce48000 	C:\WINDOWS\System32\sechost.dll
0x00007ffc9c240000 - 0x00007ffc9c268000 	C:\WINDOWS\System32\bcrypt.dll
0x00007ffc9d870000 - 0x00007ffc9d985000 	C:\WINDOWS\System32\RPCRT4.dll
0x00007ffc90df0000 - 0x00007ffc90e0b000 	C:\Program Files\Java\jdk-20\bin\VCRUNTIME140.dll
0x00007ffc9d590000 - 0x00007ffc9d73d000 	C:\WINDOWS\System32\USER32.dll
0x00007ffc9ba10000 - 0x00007ffc9ba36000 	C:\WINDOWS\System32\win32u.dll
0x00007ffc9d840000 - 0x00007ffc9d869000 	C:\WINDOWS\System32\GDI32.dll
0x00007ffc9ba40000 - 0x00007ffc9bb58000 	C:\WINDOWS\System32\gdi32full.dll
0x00007ffc9bb60000 - 0x00007ffc9bbfa000 	C:\WINDOWS\System32\msvcp_win.dll
0x00007ffc93cb0000 - 0x00007ffc93cba000 	C:\WINDOWS\SYSTEM32\VERSION.dll
0x00007ffc8a890000 - 0x00007ffc8ab23000 	C:\WINDOWS\WinSxS\amd64_microsoft.windows.common-controls_6595b64144ccf1df_6.0.22621.3235_none_270f74e173860f98\COMCTL32.dll
0x00007ffc9c6b0000 - 0x00007ffc9c6e1000 	C:\WINDOWS\System32\IMM32.DLL
0x00007ffc91270000 - 0x00007ffc9127c000 	C:\Program Files\Java\jdk-20\bin\vcruntime140_1.dll
0x00007ffc80890000 - 0x00007ffc8091e000 	C:\Program Files\Java\jdk-20\bin\msvcp140.dll
0x00007ffc490d0000 - 0x00007ffc49d68000 	C:\Program Files\Java\jdk-20\bin\server\jvm.dll
0x00007ffc93640000 - 0x00007ffc93674000 	C:\WINDOWS\SYSTEM32\WINMM.dll
0x00007ffc83820000 - 0x00007ffc83829000 	C:\WINDOWS\SYSTEM32\WSOCK32.dll
0x00007ffc9c630000 - 0x00007ffc9c6a1000 	C:\WINDOWS\System32\WS2_32.dll
0x00007ffc9a990000 - 0x00007ffc9a9a8000 	C:\WINDOWS\SYSTEM32\kernel.appcore.dll
0x00007ffc90de0000 - 0x00007ffc90dea000 	C:\Program Files\Java\jdk-20\bin\jimage.dll
0x00007ffc91750000 - 0x00007ffc91983000 	C:\WINDOWS\SYSTEM32\DBGHELP.DLL
0x00007ffc9ca10000 - 0x00007ffc9cd98000 	C:\WINDOWS\System32\combase.dll
0x00007ffc9e390000 - 0x00007ffc9e467000 	C:\WINDOWS\System32\OLEAUT32.dll
0x00007ffc85550000 - 0x00007ffc85582000 	C:\WINDOWS\SYSTEM32\dbgcore.DLL
0x00007ffc9c2e0000 - 0x00007ffc9c35a000 	C:\WINDOWS\System32\bcryptPrimitives.dll
0x00007ffc8b340000 - 0x00007ffc8b34e000 	C:\Program Files\Java\jdk-20\bin\instrument.dll
0x00007ffc8b350000 - 0x00007ffc8b376000 	C:\Program Files\Java\jdk-20\bin\java.dll
0x00007ffc80520000 - 0x00007ffc805f7000 	C:\Program Files\Java\jdk-20\bin\jsvml.dll
0x00007ffc9d990000 - 0x00007ffc9e1ed000 	C:\WINDOWS\System32\SHELL32.dll
0x00007ffc998b0000 - 0x00007ffc9a1a8000 	C:\WINDOWS\SYSTEM32\windows.storage.dll
0x00007ffc99770000 - 0x00007ffc998ae000 	C:\WINDOWS\SYSTEM32\wintypes.dll
0x00007ffc9d740000 - 0x00007ffc9d833000 	C:\WINDOWS\System32\SHCORE.dll
0x00007ffc9c4c0000 - 0x00007ffc9c51e000 	C:\WINDOWS\System32\shlwapi.dll
0x00007ffc9b880000 - 0x00007ffc9b8a6000 	C:\WINDOWS\SYSTEM32\profapi.dll
0x00007ffc80850000 - 0x00007ffc80868000 	C:\Program Files\Java\jdk-20\bin\zip.dll
0x00007ffc80950000 - 0x00007ffc80963000 	C:\Program Files\Java\jdk-20\bin\net.dll
0x00007ffc93e00000 - 0x00007ffc93f37000 	C:\WINDOWS\SYSTEM32\WINHTTP.dll
0x00007ffc9ae10000 - 0x00007ffc9ae79000 	C:\WINDOWS\system32\mswsock.dll
0x00007ffc80870000 - 0x00007ffc80886000 	C:\Program Files\Java\jdk-20\bin\nio.dll
0x00007ffc7d1b0000 - 0x00007ffc7d1ca000 	C:\Program Files\JetBrains\IntelliJ IDEA Community Edition 2023.3.4\bin\breakgen64.dll
0x00007ffc8b3a0000 - 0x00007ffc8b3a7000 	C:\Program Files\Java\jdk-20\bin\extnet.dll
0x00007ffc9a480000 - 0x00007ffc9a579000 	C:\WINDOWS\SYSTEM32\DNSAPI.dll
0x00007ffc9a410000 - 0x00007ffc9a43d000 	C:\WINDOWS\SYSTEM32\IPHLPAPI.DLL
0x00007ffc9ce50000 - 0x00007ffc9ce59000 	C:\WINDOWS\System32\NSI.dll
0x00007ffc87470000 - 0x00007ffc8747a000 	C:\Windows\System32\rasadhlp.dll
0x00007ffc8f2b0000 - 0x00007ffc8f333000 	C:\WINDOWS\System32\fwpuclnt.dll
0x00007ffc8b600000 - 0x00007ffc8b60e000 	C:\Program Files\Java\jdk-20\bin\sunmscapi.dll
0x00007ffc9bd20000 - 0x00007ffc9be86000 	C:\WINDOWS\System32\CRYPT32.dll
0x00007ffc9b220000 - 0x00007ffc9b24e000 	C:\WINDOWS\SYSTEM32\ncrypt.dll
0x00007ffc9b1e0000 - 0x00007ffc9b217000 	C:\WINDOWS\SYSTEM32\NTASN1.dll
0x00007ffc9b060000 - 0x00007ffc9b07b000 	C:\WINDOWS\SYSTEM32\CRYPTSP.dll
0x00007ffc9a8f0000 - 0x00007ffc9a925000 	C:\WINDOWS\system32\rsaenh.dll
0x00007ffc9af00000 - 0x00007ffc9af2c000 	C:\WINDOWS\SYSTEM32\USERENV.dll
0x00007ffc9b080000 - 0x00007ffc9b08c000 	C:\WINDOWS\SYSTEM32\CRYPTBASE.dll
0x00007ffc95240000 - 0x00007ffc95259000 	C:\WINDOWS\SYSTEM32\dhcpcsvc6.DLL
0x00007ffc93980000 - 0x00007ffc9399f000 	C:\WINDOWS\SYSTEM32\dhcpcsvc.DLL
0x00007ffc4eac0000 - 0x00007ffc4eac8000 	C:\WINDOWS\system32\wshunix.dll

dbghelp: loaded successfully - version: 4.0.5 - missing functions: none
symbol engine: initialized successfully - sym options: 0x614 - pdb path: .;C:\Program Files\Java\jdk-20\bin;C:\WINDOWS\SYSTEM32;C:\WINDOWS\WinSxS\amd64_microsoft.windows.common-controls_6595b64144ccf1df_6.0.22621.3235_none_270f74e173860f98;C:\Program Files\Java\jdk-20\bin\server;C:\Program Files\JetBrains\IntelliJ IDEA Community Edition 2023.3.4\bin

VM Arguments:
jvm_args: -javaagent:C:\Program Files\JetBrains\IntelliJ IDEA Community Edition 2023.3.4\lib\idea_rt.jar=65183:C:\Program Files\JetBrains\IntelliJ IDEA Community Edition 2023.3.4\bin -Dfile.encoding=UTF-8 -Dsun.stdout.encoding=UTF-8 -Dsun.stderr.encoding=UTF-8 
java_command: actitimeTask.LoginPage
java_class_path (initial): D:\selenium_orangehrm\orangehrm-automation\target\classes;C:\Users\DELL\.m2\repository\org\seleniumhq\selenium\selenium-java\4.17.0\selenium-java-4.17.0.jar;C:\Users\DELL\.m2\repository\org\seleniumhq\selenium\selenium-api\4.17.0\selenium-api-4.17.0.jar;C:\Users\DELL\.m2\repository\org\seleniumhq\selenium\selenium-chrome-driver\4.17.0\selenium-chrome-driver-4.17.0.jar;C:\Users\DELL\.m2\repository\com\google\auto\service\auto-service-annotations\1.1.1\auto-service-annotations-1.1.1.jar;C:\Users\DELL\.m2\repository\org\seleniumhq\selenium\selenium-chromium-driver\4.17.0\selenium-chromium-driver-4.17.0.jar;C:\Users\DELL\.m2\repository\org\seleniumhq\selenium\selenium-json\4.17.0\selenium-json-4.17.0.jar;C:\Users\DELL\.m2\repository\org\seleniumhq\selenium\selenium-manager\4.17.0\selenium-manager-4.17.0.jar;C:\Users\DELL\.m2\repository\org\seleniumhq\selenium\selenium-devtools-v119\4.17.0\selenium-devtools-v119-4.17.0.jar;C:\Users\DELL\.m2\repository\org\seleniumhq\selenium\selenium-devtools-v120\4.17.0\selenium-devtools-v120-4.17.0.jar;C:\Users\DELL\.m2\repository\org\seleniumhq\selenium\selenium-devtools-v121\4.17.0\selenium-devtools-v121-4.17.0.jar;C:\Users\DELL\.m2\repository\org\seleniumhq\selenium\selenium-devtools-v85\4.17.0\selenium-devtools-v85-4.17.0.jar;C:\Users\DELL\.m2\repository\org\seleniumhq\selenium\selenium-edge-driver\4.17.0\selenium-edge-driver-4.17.0.jar;C:\Users\DELL\.m2\repository\org\seleniumhq\selenium\selenium-firefox-driver\4.17.0\selenium-firefox-driver-4.17.0.jar;C:\Users\DELL\.m2\repository\org\seleniumhq\selenium\selenium-http\4.17.0\selenium-http-4.17.0.jar;C:\Users\DELL\.m2\repository\dev\failsafe\failsafe\3.3.2\failsafe-3.3.2.jar;C:\Users\DELL\.m2\repository\org\seleniumhq\selenium\selenium-ie-driver\4.17.0\selenium-ie-driver-4.17.0.jar;C:\Users\DELL\.m2\repository\org\seleniumhq\selenium\selenium-remote-driver\4.17.0\selenium-remote-driver-4.17.0.jar;C:\Users\DELL\.m2\repository\com\google\guava\guava\33.0.0-jre\guava-33.0.0-jre.jar;C:\Users\DELL\.m2\repository\com\google\guava\failureaccess\1.0.2\failureaccess-1.0.2.jar;C:\Users\DELL\.m2\repository\com\google\guava\listenablefuture\9999.0-empty-to-avoid-conflict-with-guava\listenablefuture-9999.0-empty-to-avoid-conflict-with-guava.jar;C:\Users\DELL\.m2\repository\com\google\code\findbugs\jsr305\3.0.2\jsr305-3.0.2.jar;C:\Users\DELL\.m2\repository\org\checkerframework\checker-qual\3.41.0\checker-qual-3.41.0.jar;C:\Users\DELL\.m2\repository\com\google\errorprone\error_prone_annotations\2.23.0\error_prone_annotations-2.23.0.jar;C:\Users\DELL\.m2\repository\com\google\j2objc\j2objc-annotations\2.8\j2objc-annotations-2.8.jar;C:\Users\DELL\.m2\repository\io\opentelemetry\semconv\opentelemetry-semconv\1.23.1-alpha\opentelemetry-semconv-1.23.1-alpha.jar;C:\Users\DELL\.m2\repository\io\opentelemetry\opentelemetry-api\1.34.1\opentelemetry-api-1.34.1.jar;C:\Users\DELL\.m2\repository\io\opentelemetry\opentelemetry-context\1.34.1\opentelemetry-context-1.34.1.jar;C:\Users\DELL\.m2\repository\io\opentelemetry\opentelemetry-exporter-logging\1.34.1\opentelemetry-exporter-logging-1.34.1.jar;C:\Users\DELL\.m2\repository\io\opentelemetry\opentelemetry-sdk-common\1.34.1\opentelemetry-sdk-common-1.34.1.jar;C:\Users\DELL\.m2\repository\io\opentelemetry\opentelemetry-sdk-extension-autoconfigure-spi\1.34.1\opentelemetry-sdk-extension-autoconfigure-spi-1.34.1.jar;C:\Users\DELL\.m2\repository\io\opentelemetry\opentelemetry-sdk-extension-autoconfigure\1.34.1\opentelemetry-sdk-extension-autoconfigure-1.34.1.jar;C:\Users\DELL\.m2\repository\io\opentelemetry\opentelemetry-api-events\1.34.1-alpha\opentelemetry-api-events-1.34.1-alpha.jar;C:\Users\DELL\.m2\repository\io\opentelemetry\opentelemetry-sdk-trace\1.34.1\opentelemetry-sdk-trace-1.34.1.jar;C:\Users\DELL\.m2\repository\io\opentelemetry\opentelemetry-sdk\1.34.1\opentelemetry-sdk-1.34.1.jar;C:\Users\DELL\.m2\repository\io\opentelemetry\opentelemetry-sdk-metrics\1.34.1\opentelemetry-sdk-metrics-1.34.1.jar;C:\Users\DELL\.m2\repository\io\opentelemetry\opentelemetry-extension-incubator\1.34.1-alpha\opentelemetry-extension-incubator-1.34.1-alpha.jar;C:\Users\DELL\.m2\repository\io\opentelemetry\opentelemetry-sdk-logs\1.34.1\opentelemetry-sdk-logs-1.34.1.jar;C:\Users\DELL\.m2\repository\net\bytebuddy\byte-buddy\1.14.11\byte-buddy-1.14.11.jar;C:\Users\DELL\.m2\repository\org\seleniumhq\selenium\selenium-os\4.17.0\selenium-os-4.17.0.jar;C:\Users\DELL\.m2\repository\org\apache\commons\commons-exec\1.3\commons-exec-1.3.jar;C:\Users\DELL\.m2\repository\org\seleniumhq\selenium\selenium-safari-driver\4.17.0\selenium-safari-driver-4.17.0.jar;C:\Users\DELL\.m2\repository\org\seleniumhq\selenium\selenium-support\4.17.0\selenium-support-4.17.0.jar;D:\selenium_orangehrm\orangehrm-automation
Launcher Type: SUN_STANDARD

[Global flags]
     intx CICompilerCount                          = 3                                         {product} {ergonomic}
     uint ConcGCThreads                            = 1                                         {product} {ergonomic}
     uint G1ConcRefinementThreads                  = 4                                         {product} {ergonomic}
   size_t G1HeapRegionSize                         = 1048576                                   {product} {ergonomic}
    uintx GCDrainStackTargetSize                   = 64                                        {product} {ergonomic}
   size_t InitialHeapSize                          = 58720256                                  {product} {ergonomic}
   size_t MarkStackSize                            = 4194304                                   {product} {ergonomic}
   size_t MaxHeapSize                              = 910163968                                 {product} {ergonomic}
   size_t MaxNewSize                               = 545259520                                 {product} {ergonomic}
   size_t MinHeapDeltaBytes                        = 1048576                                   {product} {ergonomic}
   size_t MinHeapSize                              = 8388608                                   {product} {ergonomic}
    uintx NonNMethodCodeHeapSize                   = 5832780                                {pd product} {ergonomic}
    uintx NonProfiledCodeHeapSize                  = 122912730                              {pd product} {ergonomic}
    uintx ProfiledCodeHeapSize                     = 122912730                              {pd product} {ergonomic}
    uintx ReservedCodeCacheSize                    = 251658240                              {pd product} {ergonomic}
     bool SegmentedCodeCache                       = true                                      {product} {ergonomic}
   size_t SoftMaxHeapSize                          = 910163968                              {manageable} {ergonomic}
     bool UseCompressedClassPointers               = true                           {product lp64_product} {ergonomic}
     bool UseCompressedOops                        = true                           {product lp64_product} {ergonomic}
     bool UseG1GC                                  = true                                      {product} {ergonomic}
     bool UseLargePagesIndividualAllocation        = false                                  {pd product} {ergonomic}

Logging:
Log output configuration:
 #0: stdout all=warning uptime,level,tags foldmultilines=false
 #1: stderr all=off uptime,level,tags foldmultilines=false

Environment Variables:
JAVA_HOME="C:\Program Files\Java\jdk-20"
PATH=C:\Program Files\Common Files\Oracle\Java\javapath;C:\oraclexe\app\oracle\product\11.2.0\server\bin;C:\WINDOWS\system32;C:\WINDOWS;C:\WINDOWS\System32\Wbem;C:\WINDOWS\System32\WindowsPowerShell\v1.0\;C:\WINDOWS\System32\OpenSSH\;C:\Program Files\dotnet\;C:\Program Files\nodejs\;C:\Program Files\PuTTY\;C:\Program Files\Git\cmd;"C:\Program Files\Java\jdk-20"\bin;C:\Users\DELL\AppData\Local\Microsoft\WindowsApps;;C:\Users\DELL\AppData\Local\Programs\Microsoft VS Code\bin;C:\Users\DELL\AppData\Roaming\npm;C:\Program Files\JetBrains\IntelliJ IDEA Community Edition 2023.3.4\bin;
USERNAME=Raj
OS=Windows_NT
PROCESSOR_IDENTIFIER=AMD64 Family 23 Model 24 Stepping 1, AuthenticAMD
TMP=C:\Users\DELL\AppData\Local\Temp
TEMP=C:\Users\DELL\AppData\Local\Temp




---------------  S Y S T E M  ---------------

OS:
 Windows 11 , 64 bit Build 22621 (10.0.22621.3235)
OS uptime: 2 days 22:59 hours

CPU: total 4 (initial active 4) (4 cores per cpu, 2 threads per core) family 23 model 24 stepping 1 microcode 0x0, cx8, cmov, fxsr, ht, mmx, 3dnowpref, sse, sse2, sse3, ssse3, sse4a, sse4.1, sse4.2, popcnt, lzcnt, tsc, tscinvbit, avx, avx2, aes, clmul, bmi1, bmi2, adx, sha, fma, vzeroupper, clflush, clflushopt, rdtscp, f16c

Memory: 4k page, system-wide physical 3470M (204M free)
TotalPageFile size 14222M (AvailPageFile size 2M)
current process WorkingSet (physical memory assigned to process): 39M, peak: 83M
current process commit charge ("private bytes"): 154M, peak: 162M

vm_info: Java HotSpot(TM) 64-Bit Server VM (20.0.2+9-78) for windows-amd64 JRE (20.0.2+9-78), built on 2023-06-14T10:08:48Z by "mach5one" with MS VC++ 17.1 (VS2022)

END.
